During startup - Warning messages:
1: Setting LC_CTYPE failed, using "C" 
2: Setting LC_COLLATE failed, using "C" 
3: Setting LC_TIME failed, using "C" 
4: Setting LC_MESSAGES failed, using "C" 
5: Setting LC_MONETARY failed, using "C" 
Creating a new generic function for 'svd' in package 'amatrix'
Creating a generic function for 'nrow' from package 'base' in package 'amatrix'
Creating a generic function for 'ncol' from package 'base' in package 'amatrix'
Creating a generic function for 'rowSums' from package 'base' in package 'amatrix'
Creating a generic function for 'colSums' from package 'base' in package 'amatrix'
Creating a generic function for 'rowMeans' from package 'base' in package 'amatrix'
Creating a generic function for 'colMeans' from package 'base' in package 'amatrix'
Creating a generic function for 'diag' from package 'base' in package 'amatrix'
Creating a generic function for 'diag<-' from package 'base' in package 'amatrix'
Creating a generic function for 'norm' from package 'base' in package 'amatrix'
Creating a generic function for 'qr.Q' from package 'base' in package 'amatrix'
Creating a generic function for 'qr.R' from package 'base' in package 'amatrix'
Creating a generic function for 'qr.coef' from package 'base' in package 'amatrix'
Creating a generic function for 'qr.qty' from package 'base' in package 'amatrix'
Creating a generic function for 'qr.qy' from package 'base' in package 'amatrix'
Creating a generic function for 'qr.fitted' from package 'base' in package 'amatrix'
Creating a generic function for 'qr.resid' from package 'base' in package 'amatrix'
Warning message:
package 'testthat' was built under R version 4.5.2 

== dense::as.matrix ==
class: matrix,array
typeof: double
dim: 3x2
rownames: r1,r2,r3
colnames: c1,c2
 num [1:3, 1:2] 1 4 2 5 3 6
 - attr(*, "dimnames")=List of 2
  ..$ : chr [1:3] "r1" "r2" "r3"
  ..$ : chr [1:2] "c1" "c2"

== dense::methods::as('matrix') ==
class: matrix,array
typeof: double
dim: 3x2
rownames: r1,r2,r3
colnames: c1,c2
 num [1:3, 1:2] 1 4 2 5 3 6
 - attr(*, "dimnames")=List of 2
  ..$ : chr [1:3] "r1" "r2" "r3"
  ..$ : chr [1:2] "c1" "c2"

== dense::as.array ==
class: matrix,array
typeof: double
dim: 3x2
rownames: r1,r2,r3
colnames: c1,c2
 num [1:3, 1:2] 1 4 2 5 3 6
 - attr(*, "dimnames")=List of 2
  ..$ : chr [1:3] "r1" "r2" "r3"
  ..$ : chr [1:2] "c1" "c2"

== dense::as.numeric ==
class: numeric
typeof: double
dim: 
rownames: 
colnames: 
 num [1:6] 1 4 2 5 3 6

== dense::as.vector ==
class: numeric
typeof: double
dim: 
rownames: 
colnames: 
 num [1:6] 1 4 2 5 3 6

== dense::Matrix::Matrix ==
class: adgeMatrix
typeof: S4
dim: 3x2
rownames: r1,r2,r3
colnames: c1,c2
Formal class 'adgeMatrix' [package "amatrix"] with 10 slots
  ..@ preferred_backend: chr "cpu"
  ..@ policy           : chr "auto"
  ..@ precision        : chr "strict"
  ..@ object_id        : chr "20260415074203.523435-329295a:am:1"
  ..@ src_id           : chr ""
  ..@ finalizer_env    :<environment: 0x118244bc0> 
  ..@ Dim              : int [1:2] 3 2
  ..@ Dimnames         :List of 2
  .. ..$ : chr [1:3] "r1" "r2" "r3"
  .. ..$ : chr [1:2] "c1" "c2"
  ..@ x                : num [1:6] 1 4 2 5 3 6
  ..@ factors          : list()

== dense::data.matrix ==
class: matrix,array
typeof: double
dim: 3x2
rownames: r1,r2,r3
colnames: c1,c2
 num [1:3, 1:2] 1 4 2 5 3 6
 - attr(*, "dimnames")=List of 2
  ..$ : chr [1:3] "r1" "r2" "r3"
  ..$ : chr [1:2] "c1" "c2"

== dense::escape_matmul ==
class: matrix,array
typeof: double
dim: 3x1
rownames: r1,r2,r3
colnames: 
 num [1:3, 1] 51 34 62
 - attr(*, "dimnames")=List of 2
  ..$ : chr [1:3] "r1" "r2" "r3"
  ..$ : NULL

== sparse::as.matrix ==
class: matrix,array
typeof: double
dim: 3x2
rownames: r1,r2,r3
colnames: c1,c2
 num [1:3, 1:2] 1 0 0 2 3 0
 - attr(*, "dimnames")=List of 2
  ..$ : chr [1:3] "r1" "r2" "r3"
  ..$ : chr [1:2] "c1" "c2"

== sparse::methods::as('matrix') ==
class: matrix,array
typeof: double
dim: 3x2
rownames: r1,r2,r3
colnames: c1,c2
 num [1:3, 1:2] 1 0 0 2 3 0
 - attr(*, "dimnames")=List of 2
  ..$ : chr [1:3] "r1" "r2" "r3"
  ..$ : chr [1:2] "c1" "c2"

== sparse::Matrix::Matrix ==
class: dgeMatrix
typeof: S4
dim: 3x2
rownames: r1,r2,r3
colnames: c1,c2
Formal class 'dgeMatrix' [package "Matrix"] with 4 slots
  ..@ Dim     : int [1:2] 3 2
  ..@ Dimnames:List of 2
  .. ..$ : chr [1:3] "r1" "r2" "r3"
  .. ..$ : chr [1:2] "c1" "c2"
  ..@ x       : num [1:6] 1 0 0 2 3 0
  ..@ factors : list()

== sparse::data.matrix ==
class: matrix,array
typeof: double
dim: 3x2
rownames: r1,r2,r3
colnames: c1,c2
 num [1:3, 1:2] 1 0 0 2 3 0
 - attr(*, "dimnames")=List of 2
  ..$ : chr [1:3] "r1" "r2" "r3"
  ..$ : chr [1:2] "c1" "c2"

== sessionInfo ==
R version 4.5.1 (2025-06-13)
Platform: aarch64-apple-darwin20
Running under: macOS Sonoma 14.3

Matrix products: default
BLAS:   /Library/Frameworks/R.framework/Versions/4.5-arm64/Resources/lib/libRblas.0.dylib 
LAPACK: /Library/Frameworks/R.framework/Versions/4.5-arm64/Resources/lib/libRlapack.dylib;  LAPACK version 3.12.1

locale:
[1] C

time zone: America/Toronto
tzcode source: internal

attached base packages:
[1] stats     graphics  grDevices utils     datasets  methods   base     

other attached packages:
[1] amatrix_0.1.0  testthat_3.3.2

loaded via a namespace (and not attached):
 [1] desc_1.4.3       R6_2.6.1         codetools_0.2-20 Matrix_1.7-3    
 [5] lattice_0.22-7   magrittr_2.0.5   lifecycle_1.0.5  cli_3.6.5       
 [9] grid_4.5.1       withr_3.0.2      pkgload_1.5.0    compiler_4.5.1  
[13] rprojroot_2.1.1  tools_4.5.1      pkgbuild_1.4.8   brio_1.1.5      
[17] otel_0.2.0       rlang_1.1.7     
